  chunk_manager.cpp
c:\projects\c++\visual studio\low-poly game\low-poly game\timer.h(10): warning C4244: '=': conversion from 'double' to 'float', possible loss of data
c:\projects\c++\visual studio\low-poly game\low-poly game\timer.h(14): warning C4244: '=': conversion from 'double' to 'float', possible loss of data
c:\projects\c++\visual studio\low-poly game\low-poly game\timer.h(18): warning C4244: 'return': conversion from 'double' to 'float', possible loss of data
c:\projects\c++\visual studio\low-poly game\low-poly game\chunk_manager.cpp(16): warning C4244: 'initializing': conversion from 'float' to 'int', possible loss of data
c:\projects\c++\visual studio\low-poly game\low-poly game\chunk_manager.cpp(17): warning C4244: 'initializing': conversion from 'float' to 'int', possible loss of data
c:\projects\c++\visual studio\low-poly game\low-poly game\chunk_manager.cpp(18): warning C4244: 'argument': conversion from 'int' to 'float', possible loss of data
c:\projects\c++\visual studio\low-poly game\low-poly game\chunk_manager.cpp(29): warning C4244: 'initializing': conversion from 'float' to 'int', possible loss of data
c:\projects\c++\visual studio\low-poly game\low-poly game\chunk_manager.cpp(30): warning C4244: 'initializing': conversion from 'float' to 'int', possible loss of data
c:\projects\c++\visual studio\low-poly game\low-poly game\chunk_manager.cpp(189): warning C4244: '+=': conversion from 'double' to 'float', possible loss of data
c:\projects\c++\visual studio\low-poly game\low-poly game\chunk_manager.cpp(195): warning C4244: '+=': conversion from 'double' to 'float', possible loss of data
LINK : warning LNK4098: defaultlib 'LIBCMT' conflicts with use of other libs; use /NODEFAULTLIB:library
mesh.obj : warning LNK4049: locally defined symbol ___glewBindBuffer imported
mesh.obj : warning LNK4049: locally defined symbol ___glewBufferData imported
mesh.obj : warning LNK4049: locally defined symbol ___glewGenBuffers imported
mesh.obj : warning LNK4049: locally defined symbol ___glewEnableVertexAttribArray imported
mesh.obj : warning LNK4049: locally defined symbol ___glewVertexAttribPointer imported
mesh.obj : warning LNK4049: locally defined symbol ___glewBindVertexArray imported
mesh.obj : warning LNK4049: locally defined symbol ___glewGenVertexArrays imported
glew32s.lib(glew.obj) : warning LNK4099: PDB 'vc120.pdb' was not found with 'glew32s.lib(glew.obj)' or at 'C:\Projects\C++\Visual Studio\Low-Poly Game\Debug\vc120.pdb'; linking object as if no debug info
glfw3.lib(context.obj) : warning LNK4099: PDB 'glfw.pdb' was not found with 'glfw3.lib(context.obj)' or at 'C:\Projects\C++\Visual Studio\Low-Poly Game\Debug\glfw.pdb'; linking object as if no debug info
glfw3.lib(init.obj) : warning LNK4099: PDB 'glfw.pdb' was not found with 'glfw3.lib(init.obj)' or at 'C:\Projects\C++\Visual Studio\Low-Poly Game\Debug\glfw.pdb'; linking object as if no debug info
glfw3.lib(input.obj) : warning LNK4099: PDB 'glfw.pdb' was not found with 'glfw3.lib(input.obj)' or at 'C:\Projects\C++\Visual Studio\Low-Poly Game\Debug\glfw.pdb'; linking object as if no debug info
glfw3.lib(monitor.obj) : warning LNK4099: PDB 'glfw.pdb' was not found with 'glfw3.lib(monitor.obj)' or at 'C:\Projects\C++\Visual Studio\Low-Poly Game\Debug\glfw.pdb'; linking object as if no debug info
glfw3.lib(vulkan.obj) : warning LNK4099: PDB 'glfw.pdb' was not found with 'glfw3.lib(vulkan.obj)' or at 'C:\Projects\C++\Visual Studio\Low-Poly Game\Debug\glfw.pdb'; linking object as if no debug info
glfw3.lib(window.obj) : warning LNK4099: PDB 'glfw.pdb' was not found with 'glfw3.lib(window.obj)' or at 'C:\Projects\C++\Visual Studio\Low-Poly Game\Debug\glfw.pdb'; linking object as if no debug info
glfw3.lib(win32_init.obj) : warning LNK4099: PDB 'glfw.pdb' was not found with 'glfw3.lib(win32_init.obj)' or at 'C:\Projects\C++\Visual Studio\Low-Poly Game\Debug\glfw.pdb'; linking object as if no debug info
glfw3.lib(win32_joystick.obj) : warning LNK4099: PDB 'glfw.pdb' was not found with 'glfw3.lib(win32_joystick.obj)' or at 'C:\Projects\C++\Visual Studio\Low-Poly Game\Debug\glfw.pdb'; linking object as if no debug info
glfw3.lib(win32_monitor.obj) : warning LNK4099: PDB 'glfw.pdb' was not found with 'glfw3.lib(win32_monitor.obj)' or at 'C:\Projects\C++\Visual Studio\Low-Poly Game\Debug\glfw.pdb'; linking object as if no debug info
glfw3.lib(win32_time.obj) : warning LNK4099: PDB 'glfw.pdb' was not found with 'glfw3.lib(win32_time.obj)' or at 'C:\Projects\C++\Visual Studio\Low-Poly Game\Debug\glfw.pdb'; linking object as if no debug info
glfw3.lib(win32_tls.obj) : warning LNK4099: PDB 'glfw.pdb' was not found with 'glfw3.lib(win32_tls.obj)' or at 'C:\Projects\C++\Visual Studio\Low-Poly Game\Debug\glfw.pdb'; linking object as if no debug info
glfw3.lib(win32_window.obj) : warning LNK4099: PDB 'glfw.pdb' was not found with 'glfw3.lib(win32_window.obj)' or at 'C:\Projects\C++\Visual Studio\Low-Poly Game\Debug\glfw.pdb'; linking object as if no debug info
glfw3.lib(wgl_context.obj) : warning LNK4099: PDB 'glfw.pdb' was not found with 'glfw3.lib(wgl_context.obj)' or at 'C:\Projects\C++\Visual Studio\Low-Poly Game\Debug\glfw.pdb'; linking object as if no debug info
glfw3.lib(egl_context.obj) : warning LNK4099: PDB 'glfw.pdb' was not found with 'glfw3.lib(egl_context.obj)' or at 'C:\Projects\C++\Visual Studio\Low-Poly Game\Debug\glfw.pdb'; linking object as if no debug info
  Low-Poly Game.vcxproj -> C:\Projects\C++\Visual Studio\Low-Poly Game\Debug\Low-Poly Game.exe
